<?xml version="1.0" encoding="UTF-8"?>
<testng-results skipped="0" failed="0" ignored="0" total="5" passed="5">
  <reporter-output>
  </reporter-output>
  <suite name="Default suite" duration-ms="36346" started-at="2017-12-29T09:25:26Z" finished-at="2017-12-29T09:26:03Z">
    <groups>
    </groups>
    <test name="Default test" duration-ms="36346" started-at="2017-12-29T09:25:26Z" finished-at="2017-12-29T09:26:03Z">
      <class name="newTest.TestSashaSkorbun">
        <test-method status="PASS" signature="setUp()[pri:0, instance:newTest.TestSashaSkorbun@482f8f11]" name="setUp" is-config="true" duration-ms="3093" started-at="2017-12-29T11:25:26Z" finished-at="2017-12-29T11:25:29Z">
          <reporter-output>
          </reporter-output>
        </test-method> <!-- setUp -->
        <test-method status="PASS" signature="NavigateToHomePage()[pri:1, instance:newTest.TestSashaSkorbun@482f8f11]" name="NavigateToHomePage" duration-ms="20185" started-at="2017-12-29T11:25:29Z" finished-at="2017-12-29T11:25:50Z">
          <reporter-output>
          </reporter-output>
        </test-method> <!-- NavigateToHomePage -->
        <test-method status="PASS" signature="openGallery()[pri:2, instance:newTest.TestSashaSkorbun@482f8f11]" name="openGallery" duration-ms="2276" started-at="2017-12-29T11:25:50Z" finished-at="2017-12-29T11:25:52Z">
          <reporter-output>
          </reporter-output>
        </test-method> <!-- openGallery -->
        <test-method status="PASS" signature="openAbout()[pri:3, instance:newTest.TestSashaSkorbun@482f8f11]" name="openAbout" duration-ms="668" started-at="2017-12-29T11:25:52Z" finished-at="2017-12-29T11:25:52Z">
          <reporter-output>
          </reporter-output>
        </test-method> <!-- openAbout -->
        <test-method status="PASS" signature="openHome()[pri:4, instance:newTest.TestSashaSkorbun@482f8f11]" name="openHome" duration-ms="640" started-at="2017-12-29T11:25:52Z" finished-at="2017-12-29T11:25:53Z">
          <reporter-output>
          </reporter-output>
        </test-method> <!-- openHome -->
        <test-method status="PASS" signature="search()[pri:5, instance:newTest.TestSashaSkorbun@482f8f11]" name="search" duration-ms="8774" started-at="2017-12-29T11:25:53Z" finished-at="2017-12-29T11:26:02Z">
          <reporter-output>
          </reporter-output>
        </test-method> <!-- search -->
        <test-method status="PASS" signature="cleanUp()[pri:0, instance:newTest.TestSashaSkorbun@482f8f11]" name="cleanUp" is-config="true" duration-ms="681" started-at="2017-12-29T11:26:02Z" finished-at="2017-12-29T11:26:03Z">
          <reporter-output>
          </reporter-output>
        </test-method> <!-- cleanUp -->
      </class> <!-- newTest.TestSashaSkorbun -->
    </test> <!-- Default test -->
  </suite> <!-- Default suite -->
</testng-results>
